<?xml version="1.0" encoding="UTF-8"?>
<!-- Generated by org.testng.reporters.JUnitReportReporter -->
<testsuite skipped="0" hostname="LAPTOP-3D5M72OG" name="com.test.WebDriverManagerDemo" tests="3" failures="0" timestamp="26 Jul 2021 04:22:05 GMT" time="22.322" errors="0">
  <testcase name="webDriverManagerTest1" time="7.254" classname="com.test.WebDriverManagerDemo"/>
  <testcase name="webDriverManagerTest3" time="8.181" classname="com.test.WebDriverManagerDemo"/>
  <testcase name="webDriverManagerTest" time="6.887" classname="com.test.WebDriverManagerDemo"/>
</testsuite> <!-- com.test.WebDriverManagerDemo -->
